============================= test session starts =============================
platform win32 -- Python 3.11.13, pytest-8.4.2, pluggy-1.6.0
rootdir: D:\it_project\github_sync\ml-workshop\linkedin-zip-challenge
configfile: pytest.ini
plugins: html-4.1.1, metadata-3.1.1, reportlog-0.4.0
collected 9 items

src\core\tests\test_dfs.py .F..FF                                        [ 66%]
src\core\tests\test_utils.py ...                                         [100%]

================================== FAILURES ===================================
________________________ test_image_puzzles[puzzle_02] ________________________

puzzle_data = {'blocked_cells': set(), 'grid': [[0, 0, 5, 8, 0, 0], [0, 0, 12, 0, 9, 0], [4, 0, 0, 0, 0, 1], [0, 0, 6, 7, 0, 0], [0, 11, 0, 0, 10, 0], [3, 0, 0, 0, 0, 2]], 'walls': set()}
expected_solution = [(2, 5), (3, 5), (4, 5), (5, 5), (5, 4), (5, 3), ...]
puzzle_id = 'puzzle_02'

    @pytest.mark.parametrize(
        "puzzle_data, expected_solution, puzzle_id",
        puzzles_to_test,
        ids=[p[2] for p in puzzles_to_test],
    )
    def test_image_puzzles(puzzle_data, expected_solution, puzzle_id):
        """
        Tests puzzles transcribed from images, with data provided from conftest.py.
        The primary goal is to run the solver and log the output for each puzzle.
        """
        logger.info(f"--- Starting test for: {puzzle_id} ---")
        logger.debug(f"Puzzle input: {puzzle_data}")
    
        actual = solve_puzzle(puzzle_data)
        logger.info(f"Solution found for {puzzle_id}: {actual}")
    
        if expected_solution is not None:
>           assert actual == expected_solution, f"Solver returned the wrong solution for {puzzle_id}."
E           AssertionError: Solver returned the wrong solution for puzzle_02.
E           assert None == [(2, 5), (3, 5), (4, 5), (5, 5), (5, 4), (5, 3), ...]

src\core\tests\test_dfs.py:47: AssertionError
---------------------------- Captured stderr call -----------------------------
2025-09-22 14:24:40.508 | INFO     | test_dfs:test_image_puzzles:40 - --- Starting test for: puzzle_02 ---
2025-09-22 14:24:40.508 | INFO     | test_dfs:test_image_puzzles:44 - Solution found for puzzle_02: None
________________________ test_image_puzzles[puzzle_05] ________________________

puzzle_data = {'blocked_cells': set(), 'grid': [[12, 11, 0, 0, 0, 0], [0, 10, 0, 0, 0, 0], [9, 8, 7, 0, 0, 0], [0, 0, 0, 5, 4, 0], [0, 0, 0, 0, 3, 0], [0, 0, 0, 6, 1, 2]], 'walls': {((1, 3), (1, 4)), ((1, 4), (1, 5)), ((4, 0), (4, 1)), ((4, 1), (4, 2))}}
expected_solution = [(5, 4), (5, 5), (4, 5), (4, 4), (3, 4), (3, 5), ...]
puzzle_id = 'puzzle_05'

    @pytest.mark.parametrize(
        "puzzle_data, expected_solution, puzzle_id",
        puzzles_to_test,
        ids=[p[2] for p in puzzles_to_test],
    )
    def test_image_puzzles(puzzle_data, expected_solution, puzzle_id):
        """
        Tests puzzles transcribed from images, with data provided from conftest.py.
        The primary goal is to run the solver and log the output for each puzzle.
        """
        logger.info(f"--- Starting test for: {puzzle_id} ---")
        logger.debug(f"Puzzle input: {puzzle_data}")
    
        actual = solve_puzzle(puzzle_data)
        logger.info(f"Solution found for {puzzle_id}: {actual}")
    
        if expected_solution is not None:
>           assert actual == expected_solution, f"Solver returned the wrong solution for {puzzle_id}."
E           AssertionError: Solver returned the wrong solution for puzzle_05.
E           assert [(5, 4), (5, ..., (3, 5), ...] == [(5, 4), (5, ..., (3, 5), ...]
E             
E             At index 29 diff: (1, 1) != (1, 2)
E             Left contains one more item: (0, 0)
E             Use -v to get more diff

src\core\tests\test_dfs.py:47: AssertionError
---------------------------- Captured stderr call -----------------------------
2025-09-22 14:24:40.552 | INFO     | test_dfs:test_image_puzzles:40 - --- Starting test for: puzzle_05 ---
2025-09-22 14:24:40.554 | INFO     | test_dfs:test_image_puzzles:44 - Solution found for puzzle_05: [(5, 4), (5, 5), (4, 5), (4, 4), (3, 4), (3, 5), (2, 5), (1, 5), (0, 5), (0, 4), (1, 4), (2, 4), (2, 3), (3, 3), (4, 3), (5, 3), (5, 2), (4, 2), (3, 2), (2, 2), (2, 1), (3, 1), (4, 1), (5, 1), (5, 0), (4, 0), (3, 0), (2, 0), (1, 0), (1, 1), (1, 2), (1, 3), (0, 3), (0, 2), (0, 1), (0, 0)]
________________________ test_image_puzzles[puzzle_06] ________________________

puzzle_data = {'blocked_cells': set(), 'grid': [[0, 0, 0, 0, 0, 0, ...], [4, 0, 5, 17, 0, 18, ...], [3, 0, 0, 16, 0, 0, ...], [13, 0, 2, 1, 0, 19, ...], [12, 0, 15, 0, 0, 0, ...], [11, 0, 14, 21, 0, 20, ...], ...], 'walls': set()}
expected_solution = [(3, 3), (3, 2), (2, 2), (2, 1), (2, 0), (1, 0), ...]
puzzle_id = 'puzzle_06'

    @pytest.mark.parametrize(
        "puzzle_data, expected_solution, puzzle_id",
        puzzles_to_test,
        ids=[p[2] for p in puzzles_to_test],
    )
    def test_image_puzzles(puzzle_data, expected_solution, puzzle_id):
        """
        Tests puzzles transcribed from images, with data provided from conftest.py.
        The primary goal is to run the solver and log the output for each puzzle.
        """
        logger.info(f"--- Starting test for: {puzzle_id} ---")
        logger.debug(f"Puzzle input: {puzzle_data}")
    
        actual = solve_puzzle(puzzle_data)
        logger.info(f"Solution found for {puzzle_id}: {actual}")
    
        if expected_solution is not None:
>           assert actual == expected_solution, f"Solver returned the wrong solution for {puzzle_id}."
E           AssertionError: Solver returned the wrong solution for puzzle_06.
E           assert [(3, 3), (3, ..., (1, 0), ...] == [(3, 3), (3, ..., (1, 0), ...]
E             
E             At index 6 diff: (0, 0) != (0, 1)
E             Left contains one more item: (5, 3)
E             Use -v to get more diff

src\core\tests\test_dfs.py:47: AssertionError
---------------------------- Captured stderr call -----------------------------
2025-09-22 14:24:40.556 | INFO     | test_dfs:test_image_puzzles:40 - --- Starting test for: puzzle_06 ---
2025-09-22 14:24:40.557 | INFO     | test_dfs:test_image_puzzles:44 - Solution found for puzzle_06: [(3, 3), (3, 2), (2, 2), (2, 1), (2, 0), (1, 0), (0, 0), (0, 1), (1, 1), (1, 2), (0, 2), (0, 3), (0, 4), (0, 5), (0, 6), (1, 6), (2, 6), (3, 6), (4, 6), (5, 6), (6, 6), (6, 5), (6, 4), (6, 3), (6, 2), (6, 1), (6, 0), (5, 0), (4, 0), (3, 0), (3, 1), (4, 1), (5, 1), (5, 2), (4, 2), (4, 3), (4, 4), (3, 4), (2, 4), (2, 3), (1, 3), (1, 4), (1, 5), (2, 5), (3, 5), (4, 5), (5, 5), (5, 4), (5, 3)]
=========================== short test summary info ===========================
FAILED src/core/tests/test_dfs.py::test_image_puzzles[puzzle_02] - AssertionE...
FAILED src/core/tests/test_dfs.py::test_image_puzzles[puzzle_05] - AssertionE...
FAILED src/core/tests/test_dfs.py::test_image_puzzles[puzzle_06] - AssertionE...
========================= 3 failed, 6 passed in 0.11s =========================
