============================= test session starts =============================
platform win32 -- Python 3.11.13, pytest-8.4.2, pluggy-1.6.0
rootdir: D:\it_project\github_sync\ml-workshop\linkedin-zip-challenge
configfile: pytest.ini
plugins: html-4.1.1, metadata-3.1.1, reportlog-0.4.0
collected 6 items

src\core\tests\test_dfs.py FFFFFF                                        [100%]

================================== FAILURES ===================================
________________________ test_image_puzzles[puzzle_01] ________________________

puzzle = {'grid': [[0, 0, 0, 0, 0, 0], [0, 1, 0, 0, 2, 0], [0, 0, 3, 4, 0, 0], [0, 0, 6, 5, 0, 0], [0, 8, 0, 0, 7, 0], [0, 0, 0...ls': {((0, 1), (1, 1)), ((1, 0), (1, 1)), ((1, 3), (2, 3)), ((1, 4), (2, 4)), ((2, 1), (2, 2)), ((3, 1), (4, 1)), ...}}

    @pytest.mark.parametrize("puzzle", puzzles_to_test)
    def test_image_puzzles(puzzle):
        """
        Tests puzzles transcribed from images, with data provided from conftest.py.
        The primary goal is to run the solver and log the output for each puzzle.
        """
>       test_id = puzzle.id
                  ^^^^^^^^^
E       AttributeError: 'dict' object has no attribute 'id'

src\core\tests\test_dfs.py:38: AttributeError
________________________ test_image_puzzles[puzzle_02] ________________________

puzzle = {'grid': [[0, 0, 5, 8, 0, 0], [0, 0, 12, 0, 9, 0], [4, 0, 0, 0, 0, 1], [0, 0, 6, 7, 0, 0], [0, 11, 0, 0, 10, 0], [3, 0, 0, 0, 0, 2]], 'walls': set()}

    @pytest.mark.parametrize("puzzle", puzzles_to_test)
    def test_image_puzzles(puzzle):
        """
        Tests puzzles transcribed from images, with data provided from conftest.py.
        The primary goal is to run the solver and log the output for each puzzle.
        """
>       test_id = puzzle.id
                  ^^^^^^^^^
E       AttributeError: 'dict' object has no attribute 'id'

src\core\tests\test_dfs.py:38: AttributeError
________________________ test_image_puzzles[puzzle_03] ________________________

puzzle = {'grid': [[12, 0, 11, 0, 9, 0], [2, 0, 1, 0, 10, 0], [0, 0, 0, 0, 0, 0], [0, 0, 0, 0, 0, 0], [0, 8, 0, 7, 0, 6], [0, 3, 0, 4, 0, 5]], 'walls': {((2, 1), (3, 1)), ((2, 2), (3, 2)), ((2, 3), (3, 3)), ((2, 4), (3, 4))}}

    @pytest.mark.parametrize("puzzle", puzzles_to_test)
    def test_image_puzzles(puzzle):
        """
        Tests puzzles transcribed from images, with data provided from conftest.py.
        The primary goal is to run the solver and log the output for each puzzle.
        """
>       test_id = puzzle.id
                  ^^^^^^^^^
E       AttributeError: 'dict' object has no attribute 'id'

src\core\tests\test_dfs.py:38: AttributeError
________________________ test_image_puzzles[puzzle_04] ________________________

puzzle = {'grid': [[0, 0, 0, 0, 0, 0, ...], [0, 7, 0, 6, 0, 10, ...], [0, 0, 8, 0, 9, 0, ...], [0, 12, 0, 0, 0, 11, ...], [0, 0...ls': {((0, 3), (1, 3)), ((1, 3), (2, 3)), ((2, 1), (3, 1)), ((2, 2), (3, 2)), ((2, 3), (3, 3)), ((2, 4), (3, 4)), ...}}

    @pytest.mark.parametrize("puzzle", puzzles_to_test)
    def test_image_puzzles(puzzle):
        """
        Tests puzzles transcribed from images, with data provided from conftest.py.
        The primary goal is to run the solver and log the output for each puzzle.
        """
>       test_id = puzzle.id
                  ^^^^^^^^^
E       AttributeError: 'dict' object has no attribute 'id'

src\core\tests\test_dfs.py:38: AttributeError
________________________ test_image_puzzles[puzzle_05] ________________________

puzzle = {'grid': [[12, 11, 0, 0, 0, 0], [0, 10, 0, 0, 0, 0], [9, 8, 7, 0, 0, 0], [0, 0, 0, 5, 4, 0], [0, 0, 0, 0, 3, 0], [0, 0, 0, 6, 1, 2]], 'walls': {((1, 3), (1, 4)), ((1, 4), (1, 5)), ((4, 0), (4, 1)), ((4, 1), (4, 2))}}

    @pytest.mark.parametrize("puzzle", puzzles_to_test)
    def test_image_puzzles(puzzle):
        """
        Tests puzzles transcribed from images, with data provided from conftest.py.
        The primary goal is to run the solver and log the output for each puzzle.
        """
>       test_id = puzzle.id
                  ^^^^^^^^^
E       AttributeError: 'dict' object has no attribute 'id'

src\core\tests\test_dfs.py:38: AttributeError
________________________ test_image_puzzles[puzzle_06] ________________________

puzzle = {'grid': [[0, 0, 0, 0, 0, 0, ...], [4, 0, 5, 17, 0, 18, ...], [3, 0, 0, 16, 0, 0, ...], [13, 0, 2, 1, 0, 19, ...], [12, 0, 15, 0, 0, 0, ...], [11, 0, 14, 21, 0, 20, ...], ...], 'walls': set()}

    @pytest.mark.parametrize("puzzle", puzzles_to_test)
    def test_image_puzzles(puzzle):
        """
        Tests puzzles transcribed from images, with data provided from conftest.py.
        The primary goal is to run the solver and log the output for each puzzle.
        """
>       test_id = puzzle.id
                  ^^^^^^^^^
E       AttributeError: 'dict' object has no attribute 'id'

src\core\tests\test_dfs.py:38: AttributeError
=========================== short test summary info ===========================
FAILED src/core/tests/test_dfs.py::test_image_puzzles[puzzle_01] - AttributeE...
FAILED src/core/tests/test_dfs.py::test_image_puzzles[puzzle_02] - AttributeE...
FAILED src/core/tests/test_dfs.py::test_image_puzzles[puzzle_03] - AttributeE...
FAILED src/core/tests/test_dfs.py::test_image_puzzles[puzzle_04] - AttributeE...
FAILED src/core/tests/test_dfs.py::test_image_puzzles[puzzle_05] - AttributeE...
FAILED src/core/tests/test_dfs.py::test_image_puzzles[puzzle_06] - AttributeE...
============================== 6 failed in 0.08s ==============================
